[INFO] 11 errors
[INFO] -------------------------------------------------------------
[INFO] ------------------------------------------------------------------------
[INFO] BUILD FAILURE
[INFO] ------------------------------------------------------------------------
[INFO] Total time:  14.687 s
[INFO] Finished at: 2025-11-14T14:02:33+05:30
[INFO] ------------------------------------------------------------------------
[ERROR] Failed to execute goal org.apache.maven.plugins:maven-compiler-plugin:3.14.0:compile (default-compile) on project DataDistribution: Compilation failure: Compilation failure:
[ERROR] /C:/Users/UU47VT/dd-new/P33558-DataDistributorAPI/DataDistribution/src/main/java/com/ing/datadist/api/service/OrganisationUnitService.java:[95,5] cannot find symbol        
[ERROR]   symbol:   class CompletableFuture
[ERROR]   location: class com.ing.datadist.api.service.OrganisationUnitService
[ERROR] /C:/Users/UU47VT/dd-new/P33558-DataDistributorAPI/DataDistribution/src/main/java/com/ing/datadist/api/service/OrganisationUnitService.java:[101,21] cannot find symbol      
[ERROR]   symbol:   variable executor
[ERROR]   location: class com.ing.datadist.api.service.OrganisationUnitService
[ERROR] /C:/Users/UU47VT/dd-new/P33558-DataDistributorAPI/DataDistribution/src/main/java/com/ing/datadist/api/service/OrganisationUnitService.java:[97,13] cannot find symbol       
[ERROR]   symbol:   variable CompletableFuture
[ERROR]   location: class com.ing.datadist.api.service.OrganisationUnitService
[ERROR] /C:/Users/UU47VT/dd-new/P33558-DataDistributorAPI/DataDistribution/src/main/java/com/ing/datadist/api/service/OrganisationUnitService.java:[105,5] cannot find symbol       
[ERROR]   symbol:   class CompletableFuture
[ERROR]   location: class com.ing.datadist.api.service.OrganisationUnitService
[ERROR] /C:/Users/UU47VT/dd-new/P33558-DataDistributorAPI/DataDistribution/src/main/java/com/ing/datadist/api/service/OrganisationUnitService.java:[113,16] cannot find symbol      
[ERROR]   symbol:   variable executor
[ERROR]   location: class com.ing.datadist.api.service.OrganisationUnitService
[ERROR] /C:/Users/UU47VT/dd-new/P33558-DataDistributorAPI/DataDistribution/src/main/java/com/ing/datadist/api/service/OrganisationUnitService.java:[107,13] cannot find symbol      
[ERROR]   symbol:   variable CompletableFuture
[ERROR]   location: class com.ing.datadist.api.service.OrganisationUnitService
[ERROR] /C:/Users/UU47VT/dd-new/P33558-DataDistributorAPI/DataDistribution/src/main/java/com/ing/datadist/api/service/OrganisationUnitService.java:[109,35] cannot find symbol      
[ERROR]   symbol:   method getParentId(java.lang.String)
[ERROR]   location: class com.ing.datadist.api.service.OrganisationUnitService
[ERROR] /C:/Users/UU47VT/dd-new/P33558-DataDistributorAPI/DataDistribution/src/main/java/com/ing/datadist/api/service/OrganisationUnitService.java:[115,5] cannot find symbol       
[ERROR]   symbol:   class CompletableFuture
[ERROR]   location: class com.ing.datadist.api.service.OrganisationUnitService
[ERROR] /C:/Users/UU47VT/dd-new/P33558-DataDistributorAPI/DataDistribution/src/main/java/com/ing/datadist/api/service/OrganisationUnitService.java:[121,21] cannot find symbol      
[ERROR]   symbol:   variable executor
[ERROR]   location: class com.ing.datadist.api.service.OrganisationUnitService
[ERROR] /C:/Users/UU47VT/dd-new/P33558-DataDistributorAPI/DataDistribution/src/main/java/com/ing/datadist/api/service/OrganisationUnitService.java:[117,13] cannot find symbol      
[ERROR]   symbol:   variable CompletableFuture
[ERROR]   location: class com.ing.datadist.api.service.OrganisationUnitService
[ERROR] /C:/Users/UU47VT/dd-new/P33558-DataDistributorAPI/DataDistribution/src/main/java/com/ing/datadist/api/service/OrganisationUnitService.java:[128,5] cannot find symbol       
[ERROR]   symbol:   variable CompletableFuture
[ERROR]   location: class com.ing.datadist.api.service.OrganisationUnitService
[ERROR] -> [Help 1]
[ERROR]
[ERROR] To see the full stack trace of the errors, re-run Maven with the -e switch.
[ERROR] Re-run Maven using the -X switch to enable full debug logging.
[ERROR]
[ERROR] For more information about the errors and possible solutions, please read the following articles:
[ERROR] [Help 1] http://cwiki.apache.org/confluence/display/MAVEN/MojoFailureException
PS C:\Users\UU47VT\dd-new\P33558-DataDistributorAPI\DataDistribution> 
